<?xml version="1.0" encoding="UTF-8"?>
<testng-results ignored="0" total="1" passed="1" failed="0" skipped="0">
  <reporter-output>
  </reporter-output>
  <suite started-at="2024-01-09T11:02:17 IST" name="Default suite" finished-at="2024-01-09T11:02:41 IST" duration-ms="24789">
    <groups>
    </groups>
    <test started-at="2024-01-09T11:02:17 IST" name="Default test" finished-at="2024-01-09T11:02:41 IST" duration-ms="24789">
      <class name="com.orange.RUNNER.Login_runner">
        <test-method is-config="true" signature="openApp()[pri:0, instance:com.orange.RUNNER.Login_runner@53fdffa1]" started-at="2024-01-09T11:02:17 IST" name="openApp" finished-at="2024-01-09T11:02:32 IST" duration-ms="15836" status="PASS">
          <reporter-output>
          </reporter-output>
        </test-method> <!-- openApp -->
        <test-method signature="run()[pri:0, instance:com.orange.RUNNER.Login_runner@53fdffa1]" started-at="2024-01-09T11:02:32 IST" name="run" finished-at="2024-01-09T11:02:39 IST" duration-ms="6616" status="PASS">
          <reporter-output>
          </reporter-output>
        </test-method> <!-- run -->
        <test-method is-config="true" signature="closeApp()[pri:0, instance:com.orange.RUNNER.Login_runner@53fdffa1]" started-at="2024-01-09T11:02:39 IST" name="closeApp" finished-at="2024-01-09T11:02:41 IST" duration-ms="2285" status="PASS">
          <reporter-output>
          </reporter-output>
        </test-method> <!-- closeApp -->
      </class> <!-- com.orange.RUNNER.Login_runner -->
    </test> <!-- Default test -->
  </suite> <!-- Default suite -->
</testng-results>
